<?xml version="1.0" encoding="UTF-8"?>
<testsuite xmlns:xsi="http://www.w3.org/2001/XMLSchema-instance" xsi:noNamespaceSchemaLocation="https://maven.apache.org/surefire/maven-surefire-plugin/xsd/surefire-test-report-3.0.xsd" version="3.0" name="com.assecor.assessment.controller.PersonControllerTest" time="1.956" tests="6" errors="0" skipped="0" failures="0">
  <properties>
[...]
</properties>
  <testcase name="getPersonsByColor_ShouldReturnPersonsWithSpecificColor" classname="com.assecor.assessment.controller.PersonControllerTest" time="0.348">
    <system-out><![CDATA[2025-09-27T22:09:06.928+02:00  INFO 28846 --- [assecor-assessment-test] [           main] t.c.s.AnnotationConfigContextLoaderUtils : Could not detect default configuration classes for test class [com.assecor.assessment.controller.PersonControllerTest]: PersonControllerTest does not declare any static, non-private, non-final, nested classes annotated with @Configuration.
2025-09-27T22:09:07.013+02:00  INFO 28846 --- [assecor-assessment-test] [           main] .b.t.c.SpringBootTestContextBootstrapper : Found @SpringBootConfiguration com.assecor.assessment.AssessmentApplication for test class com.assecor.assessment.controller.PersonControllerTest

  .   ____          _            __ _ _
 /\\ / ___'_ __ _ _(_)_ __  __ _ \ \ \ \
( ( )\___ | '_ | '_| | '_ \/ _` | \ \ \ \
 \\/  ___)| |_)| | | | | || (_| |  ) ) ) )
  '  |____| .__|_| |_|_| |_\__, | / / / /
 =========|_|==============|___/=/_/_/_/
 :: Spring Boot ::                (v3.2.0)

2025-09-27T22:09:07.132+02:00  INFO 28846 --- [assecor-assessment-test] [           main] c.a.a.controller.PersonControllerTest    : Starting PersonControllerTest using Java 17.0.11 with PID 28846 (started by shubhamtunwal in /Users/shubhamtunwal/Documents/Projects/Assecor)
2025-09-27T22:09:07.132+02:00  INFO 28846 --- [assecor-assessment-test] [           main] c.a.a.controller.PersonControllerTest    : No active profile set, falling back to 1 default profile: "default"
2025-09-27T22:09:07.136+02:00 DEBUG 28846 --- [assecor-assessment-test] [           main] o.s.w.c.s.GenericWebApplicationContext   : Refreshing org.springframework.web.context.support.GenericWebApplicationContext@3d8d52be
2025-09-27T22:09:07.996+02:00 DEBUG 28846 --- [assecor-assessment-test] [           main] s.w.s.m.m.a.RequestMappingHandlerMapping : 6 mappings in 'requestMappingHandlerMapping'
2025-09-27T22:09:08.148+02:00 DEBUG 28846 --- [assecor-assessment-test] [           main] o.s.w.s.handler.SimpleUrlHandlerMapping  : Patterns [/webjars/**, /**] in 'resourceHandlerMapping'
2025-09-27T22:09:08.164+02:00 DEBUG 28846 --- [assecor-assessment-test] [           main] s.w.s.m.m.a.RequestMappingHandlerAdapter : ControllerAdvice beans: 0 @ModelAttribute, 0 @InitBinder, 1 RequestBodyAdvice, 1 ResponseBodyAdvice
2025-09-27T22:09:08.173+02:00 DEBUG 28846 --- [assecor-assessment-test] [           main] .m.m.a.ExceptionHandlerExceptionResolver : ControllerAdvice beans: 0 @ExceptionHandler, 1 ResponseBodyAdvice
2025-09-27T22:09:08.212+02:00  INFO 28846 --- [assecor-assessment-test] [           main] o.s.b.t.m.w.SpringBootMockServletContext : Initializing Spring TestDispatcherServlet ''
2025-09-27T22:09:08.212+02:00  INFO 28846 --- [assecor-assessment-test] [           main] o.s.t.web.servlet.TestDispatcherServlet  : Initializing Servlet ''
2025-09-27T22:09:08.214+02:00  INFO 28846 --- [assecor-assessment-test] [           main] o.s.t.web.servlet.TestDispatcherServlet  : Completed initialization in 1 ms
2025-09-27T22:09:08.240+02:00  INFO 28846 --- [assecor-assessment-test] [           main] c.a.a.controller.PersonControllerTest    : Started PersonControllerTest in 1.214 seconds (process running for 8.964)
2025-09-27T22:09:08.333+02:00 DEBUG 28846 --- [assecor-assessment-test] [           main] s.w.s.m.m.a.RequestMappingHandlerMapping : Mapped to com.assecor.assessment.controller.PersonController#getPersonsByColor(String)
2025-09-27T22:09:08.355+02:00 DEBUG 28846 --- [assecor-assessment-test] [           main] o.s.w.s.m.m.a.HttpEntityMethodProcessor  : Using 'application/json', given [*/*] and supported [application/json, application/*+json]
2025-09-27T22:09:08.356+02:00 DEBUG 28846 --- [assecor-assessment-test] [           main] o.s.w.s.m.m.a.HttpEntityMethodProcessor  : Writing [[com.assecor.assessment.model.Person@3f908bc0]]
]]></system-out>
  </testcase>
  <testcase name="createPerson_ShouldCreateAndReturnNewPerson" classname="com.assecor.assessment.controller.PersonControllerTest" time="0.169">
    <system-out><![CDATA[2025-09-27T22:09:08.624+02:00 DEBUG 28846 --- [assecor-assessment-test] [           main] s.w.s.m.m.a.RequestMappingHandlerMapping : Mapped to com.assecor.assessment.controller.PersonController#createPerson(Person)
2025-09-27T22:09:08.763+02:00 DEBUG 28846 --- [assecor-assessment-test] [           main] m.m.a.RequestResponseBodyMethodProcessor : Read "application/json;charset=UTF-8" to [com.assecor.assessment.model.Person@6e9f8160]
2025-09-27T22:09:08.770+02:00 DEBUG 28846 --- [assecor-assessment-test] [           main] o.s.w.s.m.m.a.HttpEntityMethodProcessor  : Using 'application/json', given [*/*] and supported [application/json, application/*+json]
2025-09-27T22:09:08.771+02:00 DEBUG 28846 --- [assecor-assessment-test] [           main] o.s.w.s.m.m.a.HttpEntityMethodProcessor  : Writing [com.assecor.assessment.model.Person@16ef1160]
]]></system-out>
  </testcase>
  <testcase name="getPersonsByColor_WhenNoPersonsWithColor_ShouldReturnEmptyList" classname="com.assecor.assessment.controller.PersonControllerTest" time="0.018">
    <system-out><![CDATA[2025-09-27T22:09:08.793+02:00 DEBUG 28846 --- [assecor-assessment-test] [           main] s.w.s.m.m.a.RequestMappingHandlerMapping : Mapped to com.assecor.assessment.controller.PersonController#getPersonsByColor(String)
2025-09-27T22:09:08.794+02:00 DEBUG 28846 --- [assecor-assessment-test] [           main] o.s.w.s.m.m.a.HttpEntityMethodProcessor  : Using 'application/json', given [*/*] and supported [application/json, application/*+json]
2025-09-27T22:09:08.795+02:00 DEBUG 28846 --- [assecor-assessment-test] [           main] o.s.w.s.m.m.a.HttpEntityMethodProcessor  : Writing [[]]
]]></system-out>
  </testcase>
  <testcase name="getPersonById_WhenPersonExists_ShouldReturnPerson" classname="com.assecor.assessment.controller.PersonControllerTest" time="0.02">
    <system-out><![CDATA[2025-09-27T22:09:08.815+02:00 DEBUG 28846 --- [assecor-assessment-test] [           main] s.w.s.m.m.a.RequestMappingHandlerMapping : Mapped to com.assecor.assessment.controller.PersonController#getPersonById(Long)
2025-09-27T22:09:08.818+02:00 DEBUG 28846 --- [assecor-assessment-test] [           main] o.s.w.s.m.m.a.HttpEntityMethodProcessor  : Using 'application/json', given [*/*] and supported [application/json, application/*+json]
2025-09-27T22:09:08.819+02:00 DEBUG 28846 --- [assecor-assessment-test] [           main] o.s.w.s.m.m.a.HttpEntityMethodProcessor  : Writing [com.assecor.assessment.model.Person@5f9a8ddc]
]]></system-out>
  </testcase>
  <testcase name="getAllPersons_ShouldReturnListOfPersons" classname="com.assecor.assessment.controller.PersonControllerTest" time="0.023">
    <system-out><![CDATA[2025-09-27T22:09:08.843+02:00 DEBUG 28846 --- [assecor-assessment-test] [           main] s.w.s.m.m.a.RequestMappingHandlerMapping : Mapped to com.assecor.assessment.controller.PersonController#getAllPersons()
2025-09-27T22:09:08.844+02:00 DEBUG 28846 --- [assecor-assessment-test] [           main] o.s.w.s.m.m.a.HttpEntityMethodProcessor  : Using 'application/json', given [*/*] and supported [application/json, application/*+json]
2025-09-27T22:09:08.845+02:00 DEBUG 28846 --- [assecor-assessment-test] [           main] o.s.w.s.m.m.a.HttpEntityMethodProcessor  : Writing [[com.assecor.assessment.model.Person@45790cb, com.assecor.assessment.model.Person@73a5d86c, com.asse (truncated)...]
]]></system-out>
  </testcase>
  <testcase name="getPersonById_WhenPersonDoesNotExist_ShouldReturnNotFound" classname="com.assecor.assessment.controller.PersonControllerTest" time="0.009">
    <system-out><![CDATA[2025-09-27T22:09:08.865+02:00 DEBUG 28846 --- [assecor-assessment-test] [           main] s.w.s.m.m.a.RequestMappingHandlerMapping : Mapped to com.assecor.assessment.controller.PersonController#getPersonById(Long)
2025-09-27T22:09:08.866+02:00 DEBUG 28846 --- [assecor-assessment-test] [           main] o.s.w.s.m.m.a.HttpEntityMethodProcessor  : Using 'application/json', given [*/*] and supported [application/json, application/*+json]
2025-09-27T22:09:08.866+02:00 DEBUG 28846 --- [assecor-assessment-test] [           main] o.s.w.s.m.m.a.HttpEntityMethodProcessor  : Nothing to write: null body
]]></system-out>
  </testcase>
</testsuite>